<?xml version="1.0" encoding="utf-8"?><testsuites name="pytest tests"><testsuite name="pytest" errors="0" failures="0" skipped="0" tests="19" time="3.583" timestamp="2026-07-07T01:16:38.816463+00:00" hostname="agent-env-363a2ad4-9795-4f62-b6bc-a7ed49f545da"><testcase classname="backend.tests.test_pdf_publish" name="test_admin_login" time="0.411" /><testcase classname="backend.tests.test_pdf_publish" name="test_register_non_admin" time="0.279" /><testcase classname="backend.tests.test_pdf_publish" name="test_publish_catalog_ficha_tecnica" time="0.052" /><testcase classname="backend.tests.test_pdf_publish" name="test_publish_catalog_hoja_seguridad" time="0.052" /><testcase classname="backend.tests.test_pdf_publish" name="test_publish_catalog_large_pdf_gridfs" time="0.680" /><testcase classname="backend.tests.test_pdf_publish" name="test_list_catalog_by_category" time="0.171" /><testcase classname="backend.tests.test_pdf_publish" name="test_get_catalog_document_returns_pdf_base64" time="0.047" /><testcase classname="backend.tests.test_pdf_publish" name="test_get_catalog_large_document" time="0.350" /><testcase classname="backend.tests.test_pdf_publish" name="test_invalid_category_400" time="0.048" /><testcase classname="backend.tests.test_pdf_publish" name="test_invalid_pdf_base64_400" time="0.063" /><testcase classname="backend.tests.test_pdf_publish" name="test_non_admin_cannot_publish_catalog" time="0.046" /><testcase classname="backend.tests.test_pdf_publish" name="test_non_admin_can_view_catalog" time="0.048" /><testcase classname="backend.tests.test_pdf_publish" name="test_non_admin_cannot_delete" time="0.046" /><testcase classname="backend.tests.test_pdf_publish" name="test_library_upload_small" time="0.050" /><testcase classname="backend.tests.test_pdf_publish" name="test_library_upload_large" time="0.561" /><testcase classname="backend.tests.test_pdf_publish" name="test_library_get_returns_pdf_base64" time="0.049" /><testcase classname="backend.tests.test_pdf_publish" name="test_library_isolation" time="0.048" /><testcase classname="backend.tests.test_pdf_publish" name="test_delete_library_docs" time="0.196" /><testcase classname="backend.tests.test_pdf_publish" name="test_delete_catalog_docs" time="0.296" /></testsuite></testsuites>