<?xml version="1.0" encoding="utf-8"?><testsuites name="pytest tests"><testsuite name="pytest" errors="0" failures="0" skipped="0" tests="25" time="3.126" timestamp="2026-07-06T22:57:11.423834+00:00" hostname="agent-env-363a2ad4-9795-4f62-b6bc-a7ed49f545da"><testcase classname="backend.tests.test_preservia_api" name="test_register_user_a" time="0.535" /><testcase classname="backend.tests.test_preservia_api" name="test_duplicate_email_400" time="0.054" /><testcase classname="backend.tests.test_preservia_api" name="test_login_success" time="0.274" /><testcase classname="backend.tests.test_preservia_api" name="test_login_bad_password_401" time="0.272" /><testcase classname="backend.tests.test_preservia_api" name="test_me_endpoint" time="0.049" /><testcase classname="backend.tests.test_preservia_api" name="test_me_without_token_401" time="0.047" /><testcase classname="backend.tests.test_preservia_api" name="test_google_endpoint_rejects_bad_session" time="0.245" /><testcase classname="backend.tests.test_preservia_api" name="test_calc_volume" time="0.048" /><testcase classname="backend.tests.test_preservia_api" name="test_calc_lbm_male" time="0.045" /><testcase classname="backend.tests.test_preservia_api" name="test_calc_lbm_female" time="0.048" /><testcase classname="backend.tests.test_preservia_api" name="test_calc_concentration" time="0.049" /><testcase classname="backend.tests.test_preservia_api" name="test_calc_invalid_400" time="0.046" /><testcase classname="backend.tests.test_preservia_api" name="test_calc_unknown_type_400" time="0.051" /><testcase classname="backend.tests.test_preservia_api" name="test_create_case" time="0.052" /><testcase classname="backend.tests.test_preservia_api" name="test_list_cases_contains" time="0.048" /><testcase classname="backend.tests.test_preservia_api" name="test_get_case" time="0.050" /><testcase classname="backend.tests.test_preservia_api" name="test_update_case" time="0.094" /><testcase classname="backend.tests.test_preservia_api" name="test_user_isolation" time="0.375" /><testcase classname="backend.tests.test_preservia_api" name="test_add_calculation_to_case" time="0.098" /><testcase classname="backend.tests.test_preservia_api" name="test_delete_calculation" time="0.096" /><testcase classname="backend.tests.test_preservia_api" name="test_add_note" time="0.054" /><testcase classname="backend.tests.test_preservia_api" name="test_note_visible_in_case" time="0.053" /><testcase classname="backend.tests.test_preservia_api" name="test_delete_note" time="0.155" /><testcase classname="backend.tests.test_preservia_api" name="test_generate_pdf_report" time="0.106" /><testcase classname="backend.tests.test_preservia_api" name="test_delete_case" time="0.099" /></testsuite></testsuites>